Using pre-set license
Built from '2020.2/release' branch; Version is '2020.2.2f1 (068178b99f32) revision 426360'; Using compiler version '192528614'; Build Type 'Release'
OS: 'Windows 10 Home; OS build 19041.804; Version 2004; 64bit' Language: 'es' Physical Memory: 3998 MB
BatchMode: 1, IsHumanControllingUs: 0, StartBugReporterOnCrash: 0, Is64bit: 1, IsPro: 0

 COMMAND LINE ARGUMENTS:
C:\Program Files\2020.2.2f1\Editor\Unity.exe
-adb2
-batchMode
-noUpm
-name
AssetImportWorker0
-projectPath
C:/Users/Usuario/Desktop/9no Semestre/Games Engines II/GamesEnginesII/Prototype
-logFile
Logs/AssetImportWorker0.log
-srvPort
56663
Successfully changed project path to: C:/Users/Usuario/Desktop/9no Semestre/Games Engines II/GamesEnginesII/Prototype
C:/Users/Usuario/Desktop/9no Semestre/Games Engines II/GamesEnginesII/Prototype
Using Asset Import Pipeline V2.
Refreshing native plugins compatible for Editor in 336.76 ms, found 1 plugins.
Preloading 0 native plugins for Editor in 0.00 ms.
Initialize engine version: 2020.2.2f1 (068178b99f32)
[Subsystems] Discovering subsystems at path C:/Program Files/2020.2.2f1/Editor/Data/Resources/UnitySubsystems
[Subsystems] Discovering subsystems at path C:/Users/Usuario/Desktop/9no Semestre/Games Engines II/GamesEnginesII/Prototype/Assets
GfxDevice: creating device client; threaded=0
Direct3D:
    Version:  Direct3D 11.0 [level 11.1]
    Renderer: Intel(R) HD Graphics 5500 (ID=0x1616)
    Vendor:   
    VRAM:     1999 MB
    Driver:   20.19.15.5107
Initialize mono
Mono path[0] = 'C:/Program Files/2020.2.2f1/Editor/Data/Managed'
Mono path[1] = 'C:/Program Files/2020.2.2f1/Editor/Data/MonoBleedingEdge/lib/mono/unityjit'
Mono config path = 'C:/Program Files/2020.2.2f1/Editor/Data/MonoBleedingEdge/etc'
Using monoOptions --debugger-agent=transport=dt_socket,embedding=1,server=y,suspend=n,address=127.0.0.1:56008
Begin MonoManager ReloadAssembly
Registering precompiled unity dll's ...
Register platform support module: C:/Program Files/2020.2.2f1/Editor/Data/PlaybackEngines/WindowsStandaloneSupport/UnityEditor.WindowsStandalone.Extensions.dll
Registered in 0.011959 seconds.
Native extension for WindowsStandalone target not found
Refreshing native plugins compatible for Editor in 117.04 ms, found 1 plugins.
Preloading 0 native plugins for Editor in 0.00 ms.
Invoked RoslynAnalysisRunner static constructor.
RoslynAnalysisRunner will not be running.
RoslynAnalysisRunner has terminated.
Mono: successfully reloaded assembly
- Completed reload, in  8.893 seconds
Platform modules already initialized, skipping
Registering precompiled user dll's ...
Registered in 0.016893 seconds.
Begin MonoManager ReloadAssembly
Native extension for WindowsStandalone target not found
Refreshing native plugins compatible for Editor in 82.62 ms, found 1 plugins.
Preloading 0 native plugins for Editor in 0.00 ms.
Invoked RoslynAnalysisRunner static constructor.
RoslynAnalysisRunner will not be running.
RoslynAnalysisRunner has terminated.
Mono: successfully reloaded assembly
- Completed reload, in  2.558 seconds
Platform modules already initialized, skipping
========================================================================
Worker process is ready to serve import requests
Launched and connected shader compiler UnityShaderCompiler.exe after 0.19 seconds
Refreshing native plugins compatible for Editor in 1.32 ms, found 1 plugins.
Preloading 0 native plugins for Editor in 0.00 ms.
Unloading 1796 Unused Serialized files (Serialized files now loaded: 0)
System memory in use before: 84.9 MB.
System memory in use after: 84.9 MB.

Unloading 24 unused Assets to reduce memory usage. Loaded Objects now: 2238.
Total: 3.270500 ms (FindLiveObjects: 0.244300 ms CreateObjectMapping: 0.110100 ms MarkObjects: 2.710900 ms  DeleteObjects: 0.203000 ms)

========================================================================
Received Import Request.
  path: Assets/Scenes/LevelOne.unity
  artifactKey: Guid(231a9996c3eecd845be76d00e43e2f8a) Importer(815301076,1909f56bfc062723c751e8b465ee728b)
Start importing Assets/Scenes/LevelOne.unity using Guid(231a9996c3eecd845be76d00e43e2f8a) Importer(815301076,1909f56bfc062723c751e8b465ee728b)  -> (artifact id: '53b7775353bbb0d466bb8c822255daea') in 0.031263 seconds
  Import took 0.038455 seconds .

========================================================================
Received Import Request.
  Time since last request: 7916.730017 seconds.
  path: Assets/Scenes/LevelOne.unity
  artifactKey: Guid(231a9996c3eecd845be76d00e43e2f8a) Importer(815301076,1909f56bfc062723c751e8b465ee728b)
Start importing Assets/Scenes/LevelOne.unity using Guid(231a9996c3eecd845be76d00e43e2f8a) Importer(815301076,1909f56bfc062723c751e8b465ee728b)  -> (artifact id: 'c5ee9122b4df039a998aa1a66dc89065') in 0.378855 seconds
  Import took 1.625630 seconds .

========================================================================
Received Import Request.
  Time since last request: 88.627646 seconds.
  path: Assets/Scripts/ScoreControl.cs
  artifactKey: Guid(b6a79d5204eb43a4db69312c261008e8) Importer(815301076,1909f56bfc062723c751e8b465ee728b)
Start importing Assets/Scripts/ScoreControl.cs using Guid(b6a79d5204eb43a4db69312c261008e8) Importer(815301076,1909f56bfc062723c751e8b465ee728b)  -> (artifact id: '8b49d6d86480c729835b601fb1c7fa4e') in 1.031218 seconds
  Import took 1.224179 seconds .

========================================================================
Received Prepare
Registering precompiled user dll's ...
Registered in 0.022026 seconds.
Begin MonoManager ReloadAssembly
Native extension for WindowsStandalone target not found
Refreshing native plugins compatible for Editor in 10.66 ms, found 1 plugins.
Preloading 0 native plugins for Editor in 0.00 ms.
Invoked RoslynAnalysisRunner static constructor.
RoslynAnalysisRunner will not be running.
RoslynAnalysisRunner has terminated.
Mono: successfully reloaded assembly
- Completed reload, in  6.662 seconds
Platform modules already initialized, skipping
Refreshing native plugins compatible for Editor in 1.14 ms, found 1 plugins.
Preloading 0 native plugins for Editor in 0.00 ms.
Unloading 1792 Unused Serialized files (Serialized files now loaded: 0)
System memory in use before: 85.0 MB.
System memory in use after: 85.0 MB.

Unloading 12 unused Assets to reduce memory usage. Loaded Objects now: 2242.
Total: 43.999600 ms (FindLiveObjects: 6.955100 ms CreateObjectMapping: 0.503300 ms MarkObjects: 35.234100 ms  DeleteObjects: 1.301400 ms)

========================================================================
Received Prepare
Registering precompiled user dll's ...
Registered in 0.013350 seconds.
Begin MonoManager ReloadAssembly
Native extension for WindowsStandalone target not found
Refreshing native plugins compatible for Editor in 122.10 ms, found 1 plugins.
Preloading 0 native plugins for Editor in 0.00 ms.
Invoked RoslynAnalysisRunner static constructor.
RoslynAnalysisRunner will not be running.
RoslynAnalysisRunner has terminated.
Mono: successfully reloaded assembly
- Completed reload, in  6.854 seconds
Platform modules already initialized, skipping
Refreshing native plugins compatible for Editor in 8.93 ms, found 1 plugins.
Preloading 0 native plugins for Editor in 0.00 ms.
Unloading 1792 Unused Serialized files (Serialized files now loaded: 0)
System memory in use before: 85.1 MB.
System memory in use after: 85.1 MB.

Unloading 12 unused Assets to reduce memory usage. Loaded Objects now: 2245.
Total: 25.173700 ms (FindLiveObjects: 2.020100 ms CreateObjectMapping: 0.464900 ms MarkObjects: 21.401600 ms  DeleteObjects: 1.278800 ms)

========================================================================
Received Import Request.
  Time since last request: 611.623866 seconds.
  path: Assets/Scripts/ScoreControl.cs
  artifactKey: Guid(b6a79d5204eb43a4db69312c261008e8) Importer(815301076,1909f56bfc062723c751e8b465ee728b)
Start importing Assets/Scripts/ScoreControl.cs using Guid(b6a79d5204eb43a4db69312c261008e8) Importer(815301076,1909f56bfc062723c751e8b465ee728b)  -> (artifact id: '6055f7920c1df0ea8cfffb147a2849de') in 0.030503 seconds
  Import took 0.043649 seconds .

========================================================================
Received Prepare
Registering precompiled user dll's ...
Registered in 0.019127 seconds.
Begin MonoManager ReloadAssembly
Native extension for WindowsStandalone target not found
Refreshing native plugins compatible for Editor in 0.59 ms, found 1 plugins.
Preloading 0 native plugins for Editor in 0.00 ms.
Invoked RoslynAnalysisRunner static constructor.
RoslynAnalysisRunner will not be running.
RoslynAnalysisRunner has terminated.
Mono: successfully reloaded assembly
- Completed reload, in  3.196 seconds
Platform modules already initialized, skipping
Refreshing native plugins compatible for Editor in 1.01 ms, found 1 plugins.
Preloading 0 native plugins for Editor in 0.00 ms.
Unloading 1792 Unused Serialized files (Serialized files now loaded: 0)
System memory in use before: 85.2 MB.
System memory in use after: 85.2 MB.

Unloading 12 unused Assets to reduce memory usage. Loaded Objects now: 2248.
Total: 3.900800 ms (FindLiveObjects: 0.266600 ms CreateObjectMapping: 0.113900 ms MarkObjects: 3.339300 ms  DeleteObjects: 0.178400 ms)

========================================================================
Received Prepare
Registering precompiled user dll's ...
Registered in 0.003604 seconds.
Begin MonoManager ReloadAssembly
Native extension for WindowsStandalone target not found
Refreshing native plugins compatible for Editor in 0.49 ms, found 1 plugins.
Preloading 0 native plugins for Editor in 0.00 ms.
Invoked RoslynAnalysisRunner static constructor.
RoslynAnalysisRunner will not be running.
RoslynAnalysisRunner has terminated.
Mono: successfully reloaded assembly
- Completed reload, in  3.025 seconds
Platform modules already initialized, skipping
Refreshing native plugins compatible for Editor in 0.93 ms, found 1 plugins.
Preloading 0 native plugins for Editor in 0.00 ms.
Unloading 1792 Unused Serialized files (Serialized files now loaded: 0)
System memory in use before: 85.3 MB.
System memory in use after: 85.3 MB.

Unloading 12 unused Assets to reduce memory usage. Loaded Objects now: 2251.
Total: 4.735300 ms (FindLiveObjects: 0.259900 ms CreateObjectMapping: 0.095300 ms MarkObjects: 4.215100 ms  DeleteObjects: 0.162200 ms)

========================================================================
Received Prepare
Registering precompiled user dll's ...
Registered in 0.002575 seconds.
Begin MonoManager ReloadAssembly
Native extension for WindowsStandalone target not found
Refreshing native plugins compatible for Editor in 0.51 ms, found 1 plugins.
Preloading 0 native plugins for Editor in 0.00 ms.
Invoked RoslynAnalysisRunner static constructor.
RoslynAnalysisRunner will not be running.
RoslynAnalysisRunner has terminated.
Mono: successfully reloaded assembly
- Completed reload, in  3.390 seconds
Platform modules already initialized, skipping
Refreshing native plugins compatible for Editor in 0.84 ms, found 1 plugins.
Preloading 0 native plugins for Editor in 0.00 ms.
Unloading 1792 Unused Serialized files (Serialized files now loaded: 0)
System memory in use before: 85.4 MB.
System memory in use after: 85.4 MB.

Unloading 12 unused Assets to reduce memory usage. Loaded Objects now: 2254.
Total: 5.007800 ms (FindLiveObjects: 0.302800 ms CreateObjectMapping: 0.129200 ms MarkObjects: 4.398300 ms  DeleteObjects: 0.174500 ms)

========================================================================
Received Prepare
Registering precompiled user dll's ...
Registered in 0.013251 seconds.
Begin MonoManager ReloadAssembly
Native extension for WindowsStandalone target not found
Refreshing native plugins compatible for Editor in 0.80 ms, found 1 plugins.
Preloading 0 native plugins for Editor in 0.00 ms.
Invoked RoslynAnalysisRunner static constructor.
RoslynAnalysisRunner will not be running.
RoslynAnalysisRunner has terminated.
Mono: successfully reloaded assembly
- Completed reload, in  3.095 seconds
Platform modules already initialized, skipping
Refreshing native plugins compatible for Editor in 0.89 ms, found 1 plugins.
Preloading 0 native plugins for Editor in 0.00 ms.
Unloading 1793 Unused Serialized files (Serialized files now loaded: 0)
System memory in use before: 85.5 MB.
System memory in use after: 85.5 MB.

Unloading 12 unused Assets to reduce memory usage. Loaded Objects now: 2258.
Total: 7.755800 ms (FindLiveObjects: 0.560700 ms CreateObjectMapping: 0.184400 ms MarkObjects: 6.293600 ms  DeleteObjects: 0.713600 ms)

========================================================================
Received Prepare
Registering precompiled user dll's ...
Registered in 0.011323 seconds.
Begin MonoManager ReloadAssembly
Native extension for WindowsStandalone target not found
Refreshing native plugins compatible for Editor in 0.63 ms, found 1 plugins.
Preloading 0 native plugins for Editor in 0.00 ms.
Invoked RoslynAnalysisRunner static constructor.
RoslynAnalysisRunner will not be running.
RoslynAnalysisRunner has terminated.
Mono: successfully reloaded assembly
- Completed reload, in  2.319 seconds
Platform modules already initialized, skipping
Refreshing native plugins compatible for Editor in 1.52 ms, found 1 plugins.
Preloading 0 native plugins for Editor in 0.00 ms.
Unloading 1793 Unused Serialized files (Serialized files now loaded: 0)
System memory in use before: 85.6 MB.
System memory in use after: 85.6 MB.

Unloading 12 unused Assets to reduce memory usage. Loaded Objects now: 2261.
Total: 6.041100 ms (FindLiveObjects: 0.478000 ms CreateObjectMapping: 0.181200 ms MarkObjects: 5.122800 ms  DeleteObjects: 0.255300 ms)

========================================================================
Received Import Request.
  Time since last request: 350.338712 seconds.
  path: Assets/Scripts/gameControl.cs
  artifactKey: Guid(c74168f2938721a45b597bf542a76985) Importer(815301076,1909f56bfc062723c751e8b465ee728b)
Start importing Assets/Scripts/gameControl.cs using Guid(c74168f2938721a45b597bf542a76985) Importer(815301076,1909f56bfc062723c751e8b465ee728b)  -> (artifact id: '19b3e232551609ad27087841b1471b28') in 0.069011 seconds
  Import took 0.088110 seconds .

========================================================================
Received Prepare
Registering precompiled user dll's ...
Registered in 0.014685 seconds.
Begin MonoManager ReloadAssembly
Native extension for WindowsStandalone target not found
Refreshing native plugins compatible for Editor in 5.20 ms, found 1 plugins.
Preloading 0 native plugins for Editor in 0.00 ms.
Invoked RoslynAnalysisRunner static constructor.
RoslynAnalysisRunner will not be running.
RoslynAnalysisRunner has terminated.
Mono: successfully reloaded assembly
- Completed reload, in 20.786 seconds
Platform modules already initialized, skipping
Refreshing native plugins compatible for Editor in 0.96 ms, found 1 plugins.
Preloading 0 native plugins for Editor in 0.00 ms.
Unloading 1793 Unused Serialized files (Serialized files now loaded: 0)
System memory in use before: 85.6 MB.
System memory in use after: 85.6 MB.

Unloading 12 unused Assets to reduce memory usage. Loaded Objects now: 2264.
Total: 135.061400 ms (FindLiveObjects: 4.645500 ms CreateObjectMapping: 19.055500 ms MarkObjects: 102.480100 ms  DeleteObjects: 8.847800 ms)

========================================================================
Received Import Request.
  Time since last request: 413.588056 seconds.
  path: Assets/Scripts/gameControl.cs
  artifactKey: Guid(c74168f2938721a45b597bf542a76985) Importer(815301076,1909f56bfc062723c751e8b465ee728b)
Start importing Assets/Scripts/gameControl.cs using Guid(c74168f2938721a45b597bf542a76985) Importer(815301076,1909f56bfc062723c751e8b465ee728b)  -> (artifact id: 'f4b2febf71d6fe4e55a3fff6d453b2c6') in 0.277102 seconds
  Import took 0.305219 seconds .

========================================================================
Received Prepare
Registering precompiled user dll's ...
Registered in 0.013251 seconds.
Begin MonoManager ReloadAssembly
Native extension for WindowsStandalone target not found
Refreshing native plugins compatible for Editor in 1.42 ms, found 1 plugins.
Preloading 0 native plugins for Editor in 0.00 ms.
Invoked RoslynAnalysisRunner static constructor.
RoslynAnalysisRunner will not be running.
RoslynAnalysisRunner has terminated.
Mono: successfully reloaded assembly
- Completed reload, in  3.019 seconds
Platform modules already initialized, skipping
Refreshing native plugins compatible for Editor in 1.40 ms, found 1 plugins.
Preloading 0 native plugins for Editor in 0.00 ms.
Unloading 1793 Unused Serialized files (Serialized files now loaded: 0)
System memory in use before: 85.7 MB.
System memory in use after: 85.7 MB.

Unloading 12 unused Assets to reduce memory usage. Loaded Objects now: 2267.
Total: 3.661700 ms (FindLiveObjects: 0.317000 ms CreateObjectMapping: 0.118800 ms MarkObjects: 3.024200 ms  DeleteObjects: 0.199700 ms)

========================================================================
Received Import Request.
  Time since last request: 124.165755 seconds.
  path: Assets/Scenes/SwipeMenu.unity
  artifactKey: Guid(f590afb649950b74fbe67b89c0cac716) Importer(815301076,1909f56bfc062723c751e8b465ee728b)
Start importing Assets/Scenes/SwipeMenu.unity using Guid(f590afb649950b74fbe67b89c0cac716) Importer(815301076,1909f56bfc062723c751e8b465ee728b)  -> (artifact id: '63af9015ff01d5f9bf75b686777938a0') in 0.477019 seconds
  Import took 0.512598 seconds .

========================================================================
Received Prepare
Registering precompiled user dll's ...
Registered in 0.015918 seconds.
Begin MonoManager ReloadAssembly
Native extension for WindowsStandalone target not found
Refreshing native plugins compatible for Editor in 0.64 ms, found 1 plugins.
Preloading 0 native plugins for Editor in 0.00 ms.
Invoked RoslynAnalysisRunner static constructor.
RoslynAnalysisRunner will not be running.
RoslynAnalysisRunner has terminated.
Mono: successfully reloaded assembly
- Completed reload, in  4.524 seconds
Platform modules already initialized, skipping
Refreshing native plugins compatible for Editor in 0.90 ms, found 1 plugins.
Preloading 0 native plugins for Editor in 0.00 ms.
Unloading 1793 Unused Serialized files (Serialized files now loaded: 0)
System memory in use before: 85.8 MB.
System memory in use after: 85.8 MB.

Unloading 12 unused Assets to reduce memory usage. Loaded Objects now: 2270.
Total: 4.563400 ms (FindLiveObjects: 0.452800 ms CreateObjectMapping: 0.146300 ms MarkObjects: 3.733600 ms  DeleteObjects: 0.227100 ms)

========================================================================
Received Prepare
Registering precompiled user dll's ...
Registered in 0.005206 seconds.
Begin MonoManager ReloadAssembly
Native extension for WindowsStandalone target not found
Refreshing native plugins compatible for Editor in 0.88 ms, found 1 plugins.
Preloading 0 native plugins for Editor in 0.00 ms.
Invoked RoslynAnalysisRunner static constructor.
RoslynAnalysisRunner will not be running.
RoslynAnalysisRunner has terminated.
Mono: successfully reloaded assembly
- Completed reload, in  8.661 seconds
Platform modules already initialized, skipping
Refreshing native plugins compatible for Editor in 0.85 ms, found 1 plugins.
Preloading 0 native plugins for Editor in 0.00 ms.
Unloading 1793 Unused Serialized files (Serialized files now loaded: 0)
System memory in use before: 85.9 MB.
System memory in use after: 85.9 MB.

Unloading 12 unused Assets to reduce memory usage. Loaded Objects now: 2273.
Total: 3.320000 ms (FindLiveObjects: 0.251000 ms CreateObjectMapping: 0.097800 ms MarkObjects: 2.374000 ms  DeleteObjects: 0.595100 ms)

========================================================================
Received Prepare
Registering precompiled user dll's ...
Registered in 0.020846 seconds.
Begin MonoManager ReloadAssembly
Native extension for WindowsStandalone target not found
Refreshing native plugins compatible for Editor in 1.02 ms, found 1 plugins.
Preloading 0 native plugins for Editor in 0.00 ms.
Invoked RoslynAnalysisRunner static constructor.
RoslynAnalysisRunner will not be running.
RoslynAnalysisRunner has terminated.
Mono: successfully reloaded assembly
- Completed reload, in 10.387 seconds
Platform modules already initialized, skipping
Refreshing native plugins compatible for Editor in 10.74 ms, found 1 plugins.
Preloading 0 native plugins for Editor in 0.00 ms.
Unloading 1793 Unused Serialized files (Serialized files now loaded: 0)
System memory in use before: 86.0 MB.
System memory in use after: 86.0 MB.

Unloading 12 unused Assets to reduce memory usage. Loaded Objects now: 2276.
Total: 40.390500 ms (FindLiveObjects: 7.775900 ms CreateObjectMapping: 0.367200 ms MarkObjects: 20.627900 ms  DeleteObjects: 11.613600 ms)

========================================================================
Received Import Request.
  Time since last request: 239.401956 seconds.
  path: Assets/Scenes/Level_1.unity
  artifactKey: Guid(231a9996c3eecd845be76d00e43e2f8a) Importer(815301076,1909f56bfc062723c751e8b465ee728b)
Start importing Assets/Scenes/Level_1.unity using Guid(231a9996c3eecd845be76d00e43e2f8a) Importer(815301076,1909f56bfc062723c751e8b465ee728b)  -> (artifact id: '980627324b237b44c0f853ea6366eb9d') in 0.271652 seconds
  Import took 0.294280 seconds .

========================================================================
Received Prepare
Registering precompiled user dll's ...
Registered in 0.021099 seconds.
Begin MonoManager ReloadAssembly
Native extension for WindowsStandalone target not found
Refreshing native plugins compatible for Editor in 2.29 ms, found 1 plugins.
Preloading 0 native plugins for Editor in 0.00 ms.
Invoked RoslynAnalysisRunner static constructor.
RoslynAnalysisRunner will not be running.
RoslynAnalysisRunner has terminated.
Mono: successfully reloaded assembly
- Completed reload, in  8.104 seconds
Platform modules already initialized, skipping
Refreshing native plugins compatible for Editor in 0.82 ms, found 1 plugins.
Preloading 0 native plugins for Editor in 0.00 ms.
Unloading 1793 Unused Serialized files (Serialized files now loaded: 0)
System memory in use before: 86.0 MB.
System memory in use after: 86.0 MB.

Unloading 12 unused Assets to reduce memory usage. Loaded Objects now: 2279.
Total: 19.073300 ms (FindLiveObjects: 3.842500 ms CreateObjectMapping: 0.198300 ms MarkObjects: 14.405500 ms  DeleteObjects: 0.623600 ms)

========================================================================
Received Import Request.
  Time since last request: 228.350057 seconds.
  path: Assets/Scripts/ScoreControl.cs
  artifactKey: Guid(b6a79d5204eb43a4db69312c261008e8) Importer(815301076,1909f56bfc062723c751e8b465ee728b)
Start importing Assets/Scripts/ScoreControl.cs using Guid(b6a79d5204eb43a4db69312c261008e8) Importer(815301076,1909f56bfc062723c751e8b465ee728b)  -> (artifact id: '1197a0a1f639636ccc46895b958279b5') in 0.054147 seconds
  Import took 0.068383 seconds .

========================================================================
Received Prepare
Registering precompiled user dll's ...
Registered in 0.158190 seconds.
Begin MonoManager ReloadAssembly
Native extension for WindowsStandalone target not found
Refreshing native plugins compatible for Editor in 0.79 ms, found 1 plugins.
Preloading 0 native plugins for Editor in 0.00 ms.
Invoked RoslynAnalysisRunner static constructor.
RoslynAnalysisRunner will not be running.
RoslynAnalysisRunner has terminated.
Mono: successfully reloaded assembly
- Completed reload, in  3.430 seconds
Platform modules already initialized, skipping
Refreshing native plugins compatible for Editor in 1.09 ms, found 1 plugins.
Preloading 0 native plugins for Editor in 0.00 ms.
Unloading 1793 Unused Serialized files (Serialized files now loaded: 0)
System memory in use before: 86.1 MB.
System memory in use after: 86.1 MB.

Unloading 12 unused Assets to reduce memory usage. Loaded Objects now: 2282.
Total: 17.569400 ms (FindLiveObjects: 0.517500 ms CreateObjectMapping: 0.174200 ms MarkObjects: 15.800800 ms  DeleteObjects: 1.071800 ms)

========================================================================
Received Import Request.
  Time since last request: 278.646604 seconds.
  path: Assets/Scripts/ScoreControl.cs
  artifactKey: Guid(b6a79d5204eb43a4db69312c261008e8) Importer(815301076,1909f56bfc062723c751e8b465ee728b)
Start importing Assets/Scripts/ScoreControl.cs using Guid(b6a79d5204eb43a4db69312c261008e8) Importer(815301076,1909f56bfc062723c751e8b465ee728b)  -> (artifact id: '3dc3f730f40273c56824cdf1fc85eda1') in 0.032072 seconds
  Import took 0.078972 seconds .

========================================================================
Received Prepare
Registering precompiled user dll's ...
Registered in 0.009360 seconds.
Begin MonoManager ReloadAssembly
Native extension for WindowsStandalone target not found
Refreshing native plugins compatible for Editor in 0.55 ms, found 1 plugins.
Preloading 0 native plugins for Editor in 0.00 ms.
Invoked RoslynAnalysisRunner static constructor.
RoslynAnalysisRunner will not be running.
RoslynAnalysisRunner has terminated.
Mono: successfully reloaded assembly
- Completed reload, in  3.676 seconds
Platform modules already initialized, skipping
Refreshing native plugins compatible for Editor in 4.44 ms, found 1 plugins.
Preloading 0 native plugins for Editor in 0.00 ms.
Unloading 1793 Unused Serialized files (Serialized files now loaded: 0)
System memory in use before: 86.2 MB.
System memory in use after: 86.2 MB.

Unloading 12 unused Assets to reduce memory usage. Loaded Objects now: 2285.
Total: 21.138100 ms (FindLiveObjects: 2.016300 ms CreateObjectMapping: 0.198000 ms MarkObjects: 18.264100 ms  DeleteObjects: 0.654600 ms)

========================================================================
Received Import Request.
  Time since last request: 579.311496 seconds.
  path: Assets/Scripts/ScoreControl.cs
  artifactKey: Guid(b6a79d5204eb43a4db69312c261008e8) Importer(815301076,1909f56bfc062723c751e8b465ee728b)
Start importing Assets/Scripts/ScoreControl.cs using Guid(b6a79d5204eb43a4db69312c261008e8) Importer(815301076,1909f56bfc062723c751e8b465ee728b)  -> (artifact id: '47bd3db1ac9d422c6eafccc3fb68256e') in 0.025761 seconds
  Import took 0.038670 seconds .

========================================================================
Received Import Request.
  Time since last request: 0.054084 seconds.
  path: Assets/Scripts/ScoreControl.cs
  artifactKey: Guid(b6a79d5204eb43a4db69312c261008e8) Importer(815301076,1909f56bfc062723c751e8b465ee728b)
Start importing Assets/Scripts/ScoreControl.cs using Guid(b6a79d5204eb43a4db69312c261008e8) Importer(815301076,1909f56bfc062723c751e8b465ee728b)  -> (artifact id: '47bd3db1ac9d422c6eafccc3fb68256e') in 0.019124 seconds
  Import took 0.029234 seconds .

AssetImportWorkerClient::OnTransportError - code=2 error=End of file
