Using pre-set license
Built from '2020.2/release' branch; Version is '2020.2.2f1 (068178b99f32) revision 426360'; Using compiler version '192528614'; Build Type 'Release'
OS: 'Windows 10 Home; OS build 19041.804; Version 2004; 64bit' Language: 'es' Physical Memory: 3998 MB
BatchMode: 1, IsHumanControllingUs: 0, StartBugReporterOnCrash: 0, Is64bit: 1, IsPro: 0

 COMMAND LINE ARGUMENTS:
C:\Program Files\2020.2.2f1\Editor\Unity.exe
-adb2
-batchMode
-noUpm
-name
AssetImportWorker0
-projectPath
C:/Users/Usuario/Desktop/9no Semestre/Games Engines II/GamesEnginesII/Prototype
-logFile
Logs/AssetImportWorker0.log
-srvPort
58456
Successfully changed project path to: C:/Users/Usuario/Desktop/9no Semestre/Games Engines II/GamesEnginesII/Prototype
C:/Users/Usuario/Desktop/9no Semestre/Games Engines II/GamesEnginesII/Prototype
Using Asset Import Pipeline V2.
Refreshing native plugins compatible for Editor in 88.94 ms, found 1 plugins.
Preloading 0 native plugins for Editor in 0.00 ms.
Initialize engine version: 2020.2.2f1 (068178b99f32)
[Subsystems] Discovering subsystems at path C:/Program Files/2020.2.2f1/Editor/Data/Resources/UnitySubsystems
[Subsystems] Discovering subsystems at path C:/Users/Usuario/Desktop/9no Semestre/Games Engines II/GamesEnginesII/Prototype/Assets
GfxDevice: creating device client; threaded=0
Direct3D:
    Version:  Direct3D 11.0 [level 11.1]
    Renderer: Intel(R) HD Graphics 5500 (ID=0x1616)
    Vendor:   
    VRAM:     1999 MB
    Driver:   20.19.15.5107
Initialize mono
Mono path[0] = 'C:/Program Files/2020.2.2f1/Editor/Data/Managed'
Mono path[1] = 'C:/Program Files/2020.2.2f1/Editor/Data/MonoBleedingEdge/lib/mono/unityjit'
Mono config path = 'C:/Program Files/2020.2.2f1/Editor/Data/MonoBleedingEdge/etc'
Using monoOptions --debugger-agent=transport=dt_socket,embedding=1,server=y,suspend=n,address=127.0.0.1:56432
Begin MonoManager ReloadAssembly
Registering precompiled unity dll's ...
Register platform support module: C:/Program Files/2020.2.2f1/Editor/Data/PlaybackEngines/WindowsStandaloneSupport/UnityEditor.WindowsStandalone.Extensions.dll
Registered in 0.013990 seconds.
Native extension for WindowsStandalone target not found
Refreshing native plugins compatible for Editor in 69.56 ms, found 1 plugins.
Preloading 0 native plugins for Editor in 0.00 ms.
Invoked RoslynAnalysisRunner static constructor.
RoslynAnalysisRunner will not be running.
RoslynAnalysisRunner has terminated.
Mono: successfully reloaded assembly
- Completed reload, in  8.890 seconds
Platform modules already initialized, skipping
Registering precompiled user dll's ...
Registered in 0.006844 seconds.
Begin MonoManager ReloadAssembly
Native extension for WindowsStandalone target not found
Refreshing native plugins compatible for Editor in 101.79 ms, found 1 plugins.
Preloading 0 native plugins for Editor in 0.00 ms.
Invoked RoslynAnalysisRunner static constructor.
RoslynAnalysisRunner will not be running.
RoslynAnalysisRunner has terminated.
Mono: successfully reloaded assembly
- Completed reload, in  3.328 seconds
Platform modules already initialized, skipping
========================================================================
Worker process is ready to serve import requests
Launched and connected shader compiler UnityShaderCompiler.exe after 0.25 seconds
Refreshing native plugins compatible for Editor in 0.96 ms, found 1 plugins.
Preloading 0 native plugins for Editor in 0.00 ms.
Unloading 1798 Unused Serialized files (Serialized files now loaded: 0)
System memory in use before: 84.9 MB.
System memory in use after: 84.9 MB.

Unloading 24 unused Assets to reduce memory usage. Loaded Objects now: 2240.
Total: 38.092700 ms (FindLiveObjects: 1.361300 ms CreateObjectMapping: 2.744800 ms MarkObjects: 27.525900 ms  DeleteObjects: 6.456000 ms)

========================================================================
Received Import Request.
  path: Assets/Scripts/gameControl.cs
  artifactKey: Guid(c74168f2938721a45b597bf542a76985) Importer(815301076,1909f56bfc062723c751e8b465ee728b)
Start importing Assets/Scripts/gameControl.cs using Guid(c74168f2938721a45b597bf542a76985) Importer(815301076,1909f56bfc062723c751e8b465ee728b)  -> (artifact id: '2027f4cc335b287efc401eb59a9008d6') in 0.247078 seconds
  Import took 0.289913 seconds .

========================================================================
Received Import Request.
  Time since last request: 28.566176 seconds.
  path: Assets/Scenes/SwipeMenu.unity
  artifactKey: Guid(f590afb649950b74fbe67b89c0cac716) Importer(815301076,1909f56bfc062723c751e8b465ee728b)
Start importing Assets/Scenes/SwipeMenu.unity using Guid(f590afb649950b74fbe67b89c0cac716) Importer(815301076,1909f56bfc062723c751e8b465ee728b)  -> (artifact id: 'd324c44190f8da202536bbf5b2fb5182') in 0.060931 seconds
  Import took 0.071557 seconds .

========================================================================
Received Prepare
Registering precompiled user dll's ...
Registered in 0.006866 seconds.
Begin MonoManager ReloadAssembly
Native extension for WindowsStandalone target not found
Refreshing native plugins compatible for Editor in 0.75 ms, found 1 plugins.
Preloading 0 native plugins for Editor in 0.00 ms.
Invoked RoslynAnalysisRunner static constructor.
RoslynAnalysisRunner will not be running.
RoslynAnalysisRunner has terminated.
Mono: successfully reloaded assembly
- Completed reload, in  3.848 seconds
Platform modules already initialized, skipping
Refreshing native plugins compatible for Editor in 4.37 ms, found 1 plugins.
Preloading 0 native plugins for Editor in 0.00 ms.
Unloading 1793 Unused Serialized files (Serialized files now loaded: 0)
System memory in use before: 85.0 MB.
System memory in use after: 85.0 MB.

Unloading 12 unused Assets to reduce memory usage. Loaded Objects now: 2243.
Total: 20.944800 ms (FindLiveObjects: 1.303500 ms CreateObjectMapping: 0.221100 ms MarkObjects: 18.109400 ms  DeleteObjects: 1.306900 ms)

========================================================================
Received Import Request.
  Time since last request: 398.125874 seconds.
  path: Assets/Scenes/Level_2.unity
  artifactKey: Guid(ed228f6a2ee462348b60b9a2a7ebee1d) Importer(815301076,1909f56bfc062723c751e8b465ee728b)
Start importing Assets/Scenes/Level_2.unity using Guid(ed228f6a2ee462348b60b9a2a7ebee1d) Importer(815301076,1909f56bfc062723c751e8b465ee728b)  -> (artifact id: 'e37f2b6a69f38ebb136efb17cd1f14c6') in 0.446474 seconds
  Import took 0.608999 seconds .

========================================================================
Received Import Request.
  Time since last request: 9.760707 seconds.
  path: Assets/Scenes/Level_3.unity
  artifactKey: Guid(bb7ef647057319a42a590f0064a3bcfb) Importer(815301076,1909f56bfc062723c751e8b465ee728b)
Start importing Assets/Scenes/Level_3.unity using Guid(bb7ef647057319a42a590f0064a3bcfb) Importer(815301076,1909f56bfc062723c751e8b465ee728b)  -> (artifact id: '56e53670afdd214e41223a46fcdb2548') in 0.056634 seconds
  Import took 0.086621 seconds .

========================================================================
Received Import Request.
  Time since last request: 13.801079 seconds.
  path: Assets/Scenes/Level_4.unity
  artifactKey: Guid(07704a55d1c921944b04742e31604b51) Importer(815301076,1909f56bfc062723c751e8b465ee728b)
Start importing Assets/Scenes/Level_4.unity using Guid(07704a55d1c921944b04742e31604b51) Importer(815301076,1909f56bfc062723c751e8b465ee728b)  -> (artifact id: '90b885ab3ca54cabf0111a47ce181984') in 0.049495 seconds
  Import took 0.063574 seconds .

========================================================================
Received Import Request.
  Time since last request: 10.591679 seconds.
  path: Assets/Scenes/Level_5.unity
  artifactKey: Guid(e7da5375c2afd4541898d082cc55e03e) Importer(815301076,1909f56bfc062723c751e8b465ee728b)
Start importing Assets/Scenes/Level_5.unity using Guid(e7da5375c2afd4541898d082cc55e03e) Importer(815301076,1909f56bfc062723c751e8b465ee728b)  -> (artifact id: '470d3acd137d5280610c00582310f0a4') in 0.077866 seconds
  Import took 0.089055 seconds .

========================================================================
Received Import Request.
  Time since last request: 26.008994 seconds.
  path: Assets/Scenes/SwipeMenu.unity
  artifactKey: Guid(f590afb649950b74fbe67b89c0cac716) Importer(815301076,1909f56bfc062723c751e8b465ee728b)
Start importing Assets/Scenes/SwipeMenu.unity using Guid(f590afb649950b74fbe67b89c0cac716) Importer(815301076,1909f56bfc062723c751e8b465ee728b)  -> (artifact id: 'ba29e180406446f64c16827403a53811') in 0.043378 seconds
  Import took 0.058652 seconds .

========================================================================
Received Prepare
Registering precompiled user dll's ...
Registered in 0.004951 seconds.
Begin MonoManager ReloadAssembly
Native extension for WindowsStandalone target not found
Refreshing native plugins compatible for Editor in 1.25 ms, found 1 plugins.
Preloading 0 native plugins for Editor in 0.00 ms.
Invoked RoslynAnalysisRunner static constructor.
RoslynAnalysisRunner will not be running.
RoslynAnalysisRunner has terminated.
Mono: successfully reloaded assembly
- Completed reload, in  4.116 seconds
Platform modules already initialized, skipping
Refreshing native plugins compatible for Editor in 1.76 ms, found 1 plugins.
Preloading 0 native plugins for Editor in 0.00 ms.
Unloading 1793 Unused Serialized files (Serialized files now loaded: 0)
System memory in use before: 85.1 MB.
System memory in use after: 85.1 MB.

Unloading 12 unused Assets to reduce memory usage. Loaded Objects now: 2246.
Total: 6.963500 ms (FindLiveObjects: 1.231100 ms CreateObjectMapping: 0.460500 ms MarkObjects: 5.030300 ms  DeleteObjects: 0.238100 ms)

========================================================================
Received Prepare
Registering precompiled user dll's ...
Registered in 0.008136 seconds.
Begin MonoManager ReloadAssembly
Native extension for WindowsStandalone target not found
Refreshing native plugins compatible for Editor in 1.15 ms, found 1 plugins.
Preloading 0 native plugins for Editor in 0.00 ms.
Invoked RoslynAnalysisRunner static constructor.
RoslynAnalysisRunner will not be running.
RoslynAnalysisRunner has terminated.
Mono: successfully reloaded assembly
- Completed reload, in  2.710 seconds
Platform modules already initialized, skipping
Refreshing native plugins compatible for Editor in 0.83 ms, found 1 plugins.
Preloading 0 native plugins for Editor in 0.00 ms.
Unloading 1793 Unused Serialized files (Serialized files now loaded: 0)
System memory in use before: 85.2 MB.
System memory in use after: 85.2 MB.

Unloading 12 unused Assets to reduce memory usage. Loaded Objects now: 2249.
Total: 15.400000 ms (FindLiveObjects: 5.827400 ms CreateObjectMapping: 0.353100 ms MarkObjects: 8.564400 ms  DeleteObjects: 0.651300 ms)

========================================================================
Received Prepare
Registering precompiled user dll's ...
Registered in 0.008740 seconds.
Begin MonoManager ReloadAssembly
Native extension for WindowsStandalone target not found
Refreshing native plugins compatible for Editor in 0.97 ms, found 1 plugins.
Preloading 0 native plugins for Editor in 0.00 ms.
Invoked RoslynAnalysisRunner static constructor.
RoslynAnalysisRunner will not be running.
RoslynAnalysisRunner has terminated.
Mono: successfully reloaded assembly
- Completed reload, in  5.379 seconds
Platform modules already initialized, skipping
Refreshing native plugins compatible for Editor in 2.10 ms, found 1 plugins.
Preloading 0 native plugins for Editor in 0.00 ms.
Unloading 1793 Unused Serialized files (Serialized files now loaded: 0)
System memory in use before: 85.3 MB.
System memory in use after: 85.3 MB.

Unloading 12 unused Assets to reduce memory usage. Loaded Objects now: 2252.
Total: 6.615300 ms (FindLiveObjects: 0.497000 ms CreateObjectMapping: 0.189000 ms MarkObjects: 5.623300 ms  DeleteObjects: 0.301800 ms)

