Using pre-set license
Built from '2020.2/release' branch; Version is '2020.2.2f1 (068178b99f32) revision 426360'; Using compiler version '192528614'; Build Type 'Release'
OS: 'Windows 10 Home; OS build 19042.804; Version 2009; 64bit' Language: 'es' Physical Memory: 3998 MB
BatchMode: 1, IsHumanControllingUs: 0, StartBugReporterOnCrash: 0, Is64bit: 1, IsPro: 0

 COMMAND LINE ARGUMENTS:
C:\Program Files\2020.2.2f1\Editor\Unity.exe
-adb2
-batchMode
-noUpm
-name
AssetImportWorker2
-projectPath
C:/Users/Usuario/Desktop/9no Semestre/Games Engines II/GamesEnginesII/Prototype
-logFile
Logs/AssetImportWorker2.log
-srvPort
63706
Successfully changed project path to: C:/Users/Usuario/Desktop/9no Semestre/Games Engines II/GamesEnginesII/Prototype
C:/Users/Usuario/Desktop/9no Semestre/Games Engines II/GamesEnginesII/Prototype
Using Asset Import Pipeline V2.
Refreshing native plugins compatible for Editor in 111.05 ms, found 1 plugins.
Preloading 0 native plugins for Editor in 0.00 ms.
Initialize engine version: 2020.2.2f1 (068178b99f32)
[Subsystems] Discovering subsystems at path C:/Program Files/2020.2.2f1/Editor/Data/Resources/UnitySubsystems
[Subsystems] Discovering subsystems at path C:/Users/Usuario/Desktop/9no Semestre/Games Engines II/GamesEnginesII/Prototype/Assets
GfxDevice: creating device client; threaded=0
Direct3D:
    Version:  Direct3D 11.0 [level 11.1]
    Renderer: Intel(R) HD Graphics 5500 (ID=0x1616)
    Vendor:   
    VRAM:     1999 MB
    Driver:   20.19.15.5107
Initialize mono
Mono path[0] = 'C:/Program Files/2020.2.2f1/Editor/Data/Managed'
Mono path[1] = 'C:/Program Files/2020.2.2f1/Editor/Data/MonoBleedingEdge/lib/mono/unityjit'
Mono config path = 'C:/Program Files/2020.2.2f1/Editor/Data/MonoBleedingEdge/etc'
Using monoOptions --debugger-agent=transport=dt_socket,embedding=1,server=y,suspend=n,address=127.0.0.1:56332
Begin MonoManager ReloadAssembly
Registering precompiled unity dll's ...
Register platform support module: C:/Program Files/2020.2.2f1/Editor/Data/PlaybackEngines/WindowsStandaloneSupport/UnityEditor.WindowsStandalone.Extensions.dll
Registered in 0.025382 seconds.
Native extension for WindowsStandalone target not found
Refreshing native plugins compatible for Editor in 173.75 ms, found 1 plugins.
Preloading 0 native plugins for Editor in 0.00 ms.
Invoked RoslynAnalysisRunner static constructor.
RoslynAnalysisRunner will not be running.
RoslynAnalysisRunner has terminated.
Mono: successfully reloaded assembly
- Completed reload, in 15.651 seconds
Platform modules already initialized, skipping
Registering precompiled user dll's ...
Registered in 0.013940 seconds.
Begin MonoManager ReloadAssembly
Native extension for WindowsStandalone target not found
Refreshing native plugins compatible for Editor in 97.21 ms, found 1 plugins.
Preloading 0 native plugins for Editor in 0.00 ms.
Invoked RoslynAnalysisRunner static constructor.
RoslynAnalysisRunner will not be running.
RoslynAnalysisRunner has terminated.
Mono: successfully reloaded assembly
- Completed reload, in  3.009 seconds
Platform modules already initialized, skipping
========================================================================
Worker process is ready to serve import requests
Launched and connected shader compiler UnityShaderCompiler.exe after 0.22 seconds
Refreshing native plugins compatible for Editor in 1.16 ms, found 1 plugins.
Preloading 0 native plugins for Editor in 0.00 ms.
Unloading 1799 Unused Serialized files (Serialized files now loaded: 0)
System memory in use before: 85.1 MB.
System memory in use after: 85.1 MB.

Unloading 24 unused Assets to reduce memory usage. Loaded Objects now: 2241.
Total: 7.357500 ms (FindLiveObjects: 0.828800 ms CreateObjectMapping: 0.541800 ms MarkObjects: 5.708300 ms  DeleteObjects: 0.273800 ms)

========================================================================
Received Import Request.
  path: Assets/Scripts/ScoreControl.cs
  artifactKey: Guid(b6a79d5204eb43a4db69312c261008e8) Importer(815301076,1909f56bfc062723c751e8b465ee728b)
Start importing Assets/Scripts/ScoreControl.cs using Guid(b6a79d5204eb43a4db69312c261008e8) Importer(815301076,1909f56bfc062723c751e8b465ee728b)  -> (artifact id: 'b3a44f0ea79ffe97484504381ef8d525') in 0.259613 seconds
  Import took 0.312917 seconds .

========================================================================
Received Import Request.
  Time since last request: 0.000689 seconds.
  path: Assets/Scenes/Level_1.unity
  artifactKey: Guid(231a9996c3eecd845be76d00e43e2f8a) Importer(815301076,1909f56bfc062723c751e8b465ee728b)
Start importing Assets/Scenes/Level_1.unity using Guid(231a9996c3eecd845be76d00e43e2f8a) Importer(815301076,1909f56bfc062723c751e8b465ee728b)  -> (artifact id: 'dcc814362bb7081445cfe0ce87b0ce96') in 0.075425 seconds
  Import took 0.086261 seconds .

