Using pre-set license
Built from '2020.2/release' branch; Version is '2020.2.2f1 (068178b99f32) revision 426360'; Using compiler version '192528614'; Build Type 'Release'
OS: 'Windows 10 Home; OS build 19041.804; Version 2004; 64bit' Language: 'es' Physical Memory: 3998 MB
BatchMode: 1, IsHumanControllingUs: 0, StartBugReporterOnCrash: 0, Is64bit: 1, IsPro: 0

 COMMAND LINE ARGUMENTS:
C:\Program Files\2020.2.2f1\Editor\Unity.exe
-adb2
-batchMode
-noUpm
-name
AssetImportWorker2
-projectPath
C:/Users/Usuario/Desktop/9no Semestre/Games Engines II/GamesEnginesII/Prototype
-logFile
Logs/AssetImportWorker2.log
-srvPort
55499
Successfully changed project path to: C:/Users/Usuario/Desktop/9no Semestre/Games Engines II/GamesEnginesII/Prototype
C:/Users/Usuario/Desktop/9no Semestre/Games Engines II/GamesEnginesII/Prototype
Using Asset Import Pipeline V2.
