Using pre-set license
Built from '2020.2/release' branch; Version is '2020.2.2f1 (068178b99f32) revision 426360'; Using compiler version '192528614'; Build Type 'Release'
OS: 'Windows 10 Home; OS build 19041.804; Version 2004; 64bit' Language: 'es' Physical Memory: 3998 MB
BatchMode: 1, IsHumanControllingUs: 0, StartBugReporterOnCrash: 0, Is64bit: 1, IsPro: 0

 COMMAND LINE ARGUMENTS:
C:\Program Files\2020.2.2f1\Editor\Unity.exe
-adb2
-batchMode
-noUpm
-name
AssetImportWorker3
-projectPath
C:/Users/Usuario/Desktop/9no Semestre/Games Engines II/GamesEnginesII/Prototype
-logFile
Logs/AssetImportWorker3.log
-srvPort
58015
Successfully changed project path to: C:/Users/Usuario/Desktop/9no Semestre/Games Engines II/GamesEnginesII/Prototype
C:/Users/Usuario/Desktop/9no Semestre/Games Engines II/GamesEnginesII/Prototype
Using Asset Import Pipeline V2.
Refreshing native plugins compatible for Editor in 319.18 ms, found 1 plugins.
Preloading 0 native plugins for Editor in 0.00 ms.
Initialize engine version: 2020.2.2f1 (068178b99f32)
[Subsystems] Discovering subsystems at path C:/Program Files/2020.2.2f1/Editor/Data/Resources/UnitySubsystems
[Subsystems] Discovering subsystems at path C:/Users/Usuario/Desktop/9no Semestre/Games Engines II/GamesEnginesII/Prototype/Assets
GfxDevice: creating device client; threaded=0
Direct3D:
    Version:  Direct3D 11.0 [level 11.1]
    Renderer: Intel(R) HD Graphics 5500 (ID=0x1616)
    Vendor:   
    VRAM:     1999 MB
    Driver:   20.19.15.5107
Initialize mono
Mono path[0] = 'C:/Program Files/2020.2.2f1/Editor/Data/Managed'
Mono path[1] = 'C:/Program Files/2020.2.2f1/Editor/Data/MonoBleedingEdge/lib/mono/unityjit'
Mono config path = 'C:/Program Files/2020.2.2f1/Editor/Data/MonoBleedingEdge/etc'
Using monoOptions --debugger-agent=transport=dt_socket,embedding=1,server=y,suspend=n,address=127.0.0.1:56748
Begin MonoManager ReloadAssembly
Registering precompiled unity dll's ...
Register platform support module: C:/Program Files/2020.2.2f1/Editor/Data/PlaybackEngines/WindowsStandaloneSupport/UnityEditor.WindowsStandalone.Extensions.dll
Registered in 0.015515 seconds.
Native extension for WindowsStandalone target not found
Refreshing native plugins compatible for Editor in 123.27 ms, found 1 plugins.
Preloading 0 native plugins for Editor in 0.00 ms.
Invoked RoslynAnalysisRunner static constructor.
RoslynAnalysisRunner will not be running.
RoslynAnalysisRunner has terminated.
Mono: successfully reloaded assembly
- Completed reload, in  9.690 seconds
Platform modules already initialized, skipping
Registering precompiled user dll's ...
Registered in 0.011137 seconds.
Begin MonoManager ReloadAssembly
Native extension for WindowsStandalone target not found
Refreshing native plugins compatible for Editor in 91.06 ms, found 1 plugins.
Preloading 0 native plugins for Editor in 0.00 ms.
Invoked RoslynAnalysisRunner static constructor.
RoslynAnalysisRunner will not be running.
RoslynAnalysisRunner has terminated.
Mono: successfully reloaded assembly
- Completed reload, in  3.411 seconds
Platform modules already initialized, skipping
========================================================================
Worker process is ready to serve import requests
Launched and connected shader compiler UnityShaderCompiler.exe after 0.67 seconds
Refreshing native plugins compatible for Editor in 1.32 ms, found 1 plugins.
Preloading 0 native plugins for Editor in 0.00 ms.
Unloading 1798 Unused Serialized files (Serialized files now loaded: 0)
System memory in use before: 85.1 MB.
System memory in use after: 85.0 MB.

Unloading 24 unused Assets to reduce memory usage. Loaded Objects now: 2240.
Total: 8.456200 ms (FindLiveObjects: 0.668200 ms CreateObjectMapping: 0.260300 ms MarkObjects: 7.163300 ms  DeleteObjects: 0.359800 ms)

========================================================================
Received Import Request.
  path: Assets/Scripts/gameControl.cs
  artifactKey: Guid(c74168f2938721a45b597bf542a76985) Importer(815301076,1909f56bfc062723c751e8b465ee728b)
Start importing Assets/Scripts/gameControl.cs using Guid(c74168f2938721a45b597bf542a76985) Importer(815301076,1909f56bfc062723c751e8b465ee728b)  -> (artifact id: '32c5c8e448095e888cc48b65fce424f5') in 0.123696 seconds
  Import took 0.131102 seconds .

========================================================================
Received Prepare
Registering precompiled user dll's ...
Registered in 0.017686 seconds.
Begin MonoManager ReloadAssembly
Native extension for WindowsStandalone target not found
Refreshing native plugins compatible for Editor in 1.20 ms, found 1 plugins.
Preloading 0 native plugins for Editor in 0.00 ms.
Invoked RoslynAnalysisRunner static constructor.
RoslynAnalysisRunner will not be running.
RoslynAnalysisRunner has terminated.
Mono: successfully reloaded assembly
- Completed reload, in  6.738 seconds
Platform modules already initialized, skipping
Refreshing native plugins compatible for Editor in 0.85 ms, found 1 plugins.
Preloading 0 native plugins for Editor in 0.00 ms.
Unloading 1793 Unused Serialized files (Serialized files now loaded: 0)
System memory in use before: 85.1 MB.
System memory in use after: 85.1 MB.

Unloading 12 unused Assets to reduce memory usage. Loaded Objects now: 2243.
Total: 3.649000 ms (FindLiveObjects: 0.331900 ms CreateObjectMapping: 0.155400 ms MarkObjects: 2.957100 ms  DeleteObjects: 0.202200 ms)

========================================================================
Received Prepare
Registering precompiled user dll's ...
Registered in 0.015040 seconds.
Begin MonoManager ReloadAssembly
Native extension for WindowsStandalone target not found
Refreshing native plugins compatible for Editor in 1.58 ms, found 1 plugins.
Preloading 0 native plugins for Editor in 0.00 ms.
Invoked RoslynAnalysisRunner static constructor.
RoslynAnalysisRunner will not be running.
RoslynAnalysisRunner has terminated.
Mono: successfully reloaded assembly
- Completed reload, in  7.524 seconds
Platform modules already initialized, skipping
Refreshing native plugins compatible for Editor in 0.87 ms, found 1 plugins.
Preloading 0 native plugins for Editor in 0.00 ms.
Unloading 1793 Unused Serialized files (Serialized files now loaded: 0)
System memory in use before: 85.2 MB.
System memory in use after: 85.2 MB.

Unloading 12 unused Assets to reduce memory usage. Loaded Objects now: 2246.
Total: 3.721200 ms (FindLiveObjects: 0.605800 ms CreateObjectMapping: 0.202900 ms MarkObjects: 2.709200 ms  DeleteObjects: 0.199900 ms)

========================================================================
Received Prepare
Registering precompiled user dll's ...
Registered in 0.246731 seconds.
Begin MonoManager ReloadAssembly
Native extension for WindowsStandalone target not found
Refreshing native plugins compatible for Editor in 0.53 ms, found 1 plugins.
Preloading 0 native plugins for Editor in 0.00 ms.
Invoked RoslynAnalysisRunner static constructor.
RoslynAnalysisRunner will not be running.
RoslynAnalysisRunner has terminated.
Mono: successfully reloaded assembly
- Completed reload, in  2.021 seconds
Platform modules already initialized, skipping
Refreshing native plugins compatible for Editor in 1.04 ms, found 1 plugins.
Preloading 0 native plugins for Editor in 0.00 ms.
Unloading 1793 Unused Serialized files (Serialized files now loaded: 0)
System memory in use before: 85.3 MB.
System memory in use after: 85.3 MB.

Unloading 12 unused Assets to reduce memory usage. Loaded Objects now: 2249.
Total: 3.520500 ms (FindLiveObjects: 0.443000 ms CreateObjectMapping: 0.166100 ms MarkObjects: 2.738500 ms  DeleteObjects: 0.169300 ms)

AssetImportWorkerClient::OnTransportError - code=2 error=End of file
